{
  "stats": {
    "suites": 1,
    "tests": 4,
    "passes": 4,
    "pending": 0,
    "failures": 0,
    "start": "2024-10-28T19:55:11.163Z",
    "end": "2024-10-28T19:55:33.646Z",
    "duration": 22483,
    "testsRegistered": 4,
    "passPercent": 100,
    "pendingPercent": 0,
    "other": 0,
    "hasOther": false,
    "skipped": 0,
    "hasSkipped": false
  },
  "results": [
    {
      "uuid": "013f2c94-253a-4bf4-92fc-3c4c03691177",
      "title": "",
      "fullFile": "cypress\\e2e\\spec.cy.js",
      "file": "cypress\\e2e\\spec.cy.js",
      "beforeHooks": [],
      "afterHooks": [],
      "tests": [],
      "suites": [
        {
          "uuid": "7c251e9c-a413-497a-b060-b866782f397b",
          "title": "teste de criação, registro e login",
          "fullFile": "",
          "file": "",
          "beforeHooks": [],
          "afterHooks": [],
          "tests": [
            {
              "title": "teste de criação de usuário com sucesso",
              "fullTitle": "teste de criação, registro e login teste de criação de usuário com sucesso",
              "timedOut": null,
              "duration": 4676,
              "state": "passed",
              "speed": "fast",
              "pass": true,
              "fail": false,
              "pending": false,
              "context": null,
              "code": "cy.visit('https://www.globalsqa.com/angularJs-protractor/registration-login-example/#/login');\ncy.get('.btn-link').click();\ncy.get('#firstName').type(\"Beatriz\");\ncy.get('#Text1').type(\"Beatriz\");\ncy.get('#username').type(\"Beatriz\");\ncy.get('#password').type(\"Beatriz\");\ncy.get('.btn-primary').click();\ncy.get('.ng-binding').should(\"contain.text\", \"Registration successful\");",
              "err": {},
              "uuid": "cfd3817f-9641-471a-a13a-94a3b26782d0",
              "parentUUID": "7c251e9c-a413-497a-b060-b866782f397b",
              "isHook": false,
              "skipped": false
            },
            {
              "title": "teste de criação de usuario com falha",
              "fullTitle": "teste de criação, registro e login teste de criação de usuario com falha",
              "timedOut": null,
              "duration": 1739,
              "state": "passed",
              "speed": "fast",
              "pass": true,
              "fail": false,
              "pending": false,
              "context": null,
              "code": "cy.visit('https://www.globalsqa.com/angularJs-protractor/registration-login-example/#/login');\ncy.get('.btn-link').click();\ncy.get('#firstName').type(\"Beatriz\");\ncy.get('#Text1').type(\"Beatriz\");\ncy.get('#username').type(\"Beatriz\");\ncy.get('.btn-primary').should(\"be.disabled\");",
              "err": {},
              "uuid": "80d2fdf6-c267-404a-8aa9-ef73b6e8a553",
              "parentUUID": "7c251e9c-a413-497a-b060-b866782f397b",
              "isHook": false,
              "skipped": false
            },
            {
              "title": "teste de login com sucesso",
              "fullTitle": "teste de criação, registro e login teste de login com sucesso",
              "timedOut": null,
              "duration": 5407,
              "state": "passed",
              "speed": "medium",
              "pass": true,
              "fail": false,
              "pending": false,
              "context": null,
              "code": "let infos = criarUser();\ncy.visit('https://www.globalsqa.com/angularJs-protractor/registration-login-example/#/login');\ncy.get('#username').type(infos[0]);\ncy.get('#password').type(infos[1]);\ncy.get('.btn-primary').click();\ncy.get('h1.ng-binding').should('contain.text', infos[0]);",
              "err": {},
              "uuid": "f38ec733-0b79-4cbc-bb13-74d4afcc0d2d",
              "parentUUID": "7c251e9c-a413-497a-b060-b866782f397b",
              "isHook": false,
              "skipped": false
            },
            {
              "title": "deletar user com sucesso",
              "fullTitle": "teste de criação, registro e login deletar user com sucesso",
              "timedOut": null,
              "duration": 6815,
              "state": "passed",
              "speed": "medium",
              "pass": true,
              "fail": false,
              "pending": false,
              "context": null,
              "code": "let infos = criarUser();\ncy.login(infos[0], infos[1]);\ncy.get('.ng-binding > a').click();\ncy.get('.btn').click();\ncy.login(infos[0], infos[1]);\ncy.get('.ng-binding').should('have.text', 'Username or password is incorrect'); // have é para esse texto específico",
              "err": {},
              "uuid": "461382ce-bf9f-47b8-bb0a-6a11dbb238af",
              "parentUUID": "7c251e9c-a413-497a-b060-b866782f397b",
              "isHook": false,
              "skipped": false
            }
          ],
          "suites": [],
          "passes": [
            "cfd3817f-9641-471a-a13a-94a3b26782d0",
            "80d2fdf6-c267-404a-8aa9-ef73b6e8a553",
            "f38ec733-0b79-4cbc-bb13-74d4afcc0d2d",
            "461382ce-bf9f-47b8-bb0a-6a11dbb238af"
          ],
          "failures": [],
          "pending": [],
          "skipped": [],
          "duration": 18637,
          "root": false,
          "rootEmpty": false,
          "_timeout": 2000
        }
      ],
      "passes": [],
      "failures": [],
      "pending": [],
      "skipped": [],
      "duration": 0,
      "root": true,
      "rootEmpty": true,
      "_timeout": 2000
    }
  ],
  "meta": {
    "mocha": {
      "version": "7.0.1"
    },
    "mochawesome": {
      "options": {
        "quiet": false,
        "reportFilename": "mochawesome",
        "saveHtml": false,
        "saveJson": true,
        "consoleReporter": "spec",
        "useInlineDiffs": false,
        "code": true
      },
      "version": "7.1.3"
    },
    "marge": {
      "options": {
        "overwrite": false,
        "html": false,
        "json": true,
        "reportDir": "cypress\\reports\\html\\.jsons"
      },
      "version": "6.2.0"
    }
  }
}